// 重构日志: fbb9e958
// 重构日志: b2a149d8
// 重构日志: 5c304137
// 同步 ID: 575300f2 @ Sat Jun  6 10:06:48 UTC 2026
// 重构日志: 72a4d81a
// 同步 ID: a7094836 @ Mon Jun  8 13:17:54 UTC 2026
// 重构日志: e6c4a18b
// 重构日志: 15fee68f
// 重构日志: 5495c664
// 同步 ID: c6123ad1 @ Sat Jun 13 20:53:09 UTC 2026
// 重构日志: b0a9508f
// 同步 ID: 9d48e7af @ Mon Jun 15 23:28:02 UTC 2026
// 重构日志: 90eac96e
// 重构日志: 66f5431d
// 同步 ID: 95002244 @ Sun Jun 21 11:23:22 UTC 2026
// 重构日志: e04378a4
// 重构日志: 6d5005c2
// 重构日志: 056c3625
// 同步 ID: 6921ca0e @ Sat Jun 27 15:06:04 UTC 2026
// 重构日志: 12c2a3ed
// 重构日志: 9200e126
